2022-06-01 00:25:13-sim.log

Parameters of this simulation:
*****

ACK_LENGTH = 272
ACK_TIMEOUT = 366964.962962963
BITRATE = 54000000
BIT_TRANSMISSION_TIME = 18.51851851851852
CW_MAX = 1024
CW_MIN = 16
DIFS_DURATION = 50000
FREQUENCY = 2400000000
MAC_HEADER_LENGTH = 272
MAX_MAC_PAYLOAD_LENGTH = 18496
MAX_RETRANSMITION_TIME = 5
NOISE_FLOOR = 1e-09
NUMBER_OF_NODES = 4
PACKET_LOSS_RATE = 0.01
PHY_HEADER_LENGTH = 128
PRINT_LOGS = True
RADIO_SENSITIVITY = 1e-10
RADIO_SWITCHING_TIME = 100
SIFS_DURATION = 10000
SIM_TIME = 10000000000.0
SLOT_DURATION = 20000
STARTING_RATE = 5
TARGET_RATE = 5
TRANSMITTING_POWER = 0.1
WAVELENGTH = 0.12491352416666666
*****

Log starting
------------------------

Node0 created with coordinates 24 0
Node1 created with coordinates 22 5
Node2 created with coordinates 33 15
Node3 created with coordinates 20 6
Time 100: Node0 starts listening
Time 100: Node1 starts listening
Time 100: Node2 starts listening
Time 100: Node3 starts listening
Time 206229831: Node1 sends 206229831_Node1_Node2 to Node2
